Demo run lexicraft.py with scrapping maximum 1 article(s)...
/home/student/de-prj/de-venv/lib/python3.10/site-packages/malaya/tokenizer.py:214: FutureWarning: Possible nested set at position 3397
  self.tok = re.compile(r'({})'.format('|'.join(pipeline)))
/home/student/de-prj/de-venv/lib/python3.10/site-packages/malaya/tokenizer.py:214: FutureWarning: Possible nested set at position 3927
  self.tok = re.compile(r'({})'.format('|'.join(pipeline)))
24/12/21 16:10:30 WARN Utils: Your hostname, Liang. resolves to a loopback address: 127.0.1.1; using 10.255.255.254 instead (on interface lo)
24/12/21 16:10:30 WARN Utils: Set SPARK_LOCAL_IP if you need to bind to another address
24/12/21 16:10:30 WARN NativeCodeLoader: Unable to load native-hadoop library for your platform... using builtin-java classes where applicable
Performing Data Collection from time 2024-12-21 06:05:50.395568...
Links crawl to datetime  2024-12-21 16:10:32.706014
Links Crawling Starts...
Article teaser found on page 0.
Current no. of link: 20
Article teaser found on page 1.
Current no. of link: 34
Current is in demo stage, 1 number of article(s) will be scrapped
[Stage 0:>                                                        (0 + 12) / 12][Stage 0:====================================================>    (11 + 1) / 12][Stage 1:>                                                          (0 + 3) / 3]/home/student/de-prj/de-venv/lib/python3.10/site-packages/malaya/tokenizer.py:214: FutureWarning: Possible nested set at position 3397
  self.tok = re.compile(r'({})'.format('|'.join(pipeline)))
/home/student/de-prj/de-venv/lib/python3.10/site-packages/malaya/tokenizer.py:214: FutureWarning: Possible nested set at position 3927
  self.tok = re.compile(r'({})'.format('|'.join(pipeline)))
/home/student/de-prj/de-venv/lib/python3.10/site-packages/malaya/tokenizer.py:214: FutureWarning: Possible nested set at position 3397
  self.tok = re.compile(r'({})'.format('|'.join(pipeline)))
/home/student/de-prj/de-venv/lib/python3.10/site-packages/malaya/tokenizer.py:214: FutureWarning: Possible nested set at position 3927
  self.tok = re.compile(r'({})'.format('|'.join(pipeline)))
/home/student/de-prj/de-venv/lib/python3.10/site-packages/malaya/tokenizer.py:214: FutureWarning: Possible nested set at position 3397
  self.tok = re.compile(r'({})'.format('|'.join(pipeline)))
/home/student/de-prj/de-venv/lib/python3.10/site-packages/malaya/tokenizer.py:214: FutureWarning: Possible nested set at position 3927
  self.tok = re.compile(r'({})'.format('|'.join(pipeline)))
[Stage 1:=======================================>                   (2 + 1) / 3]                                                                                