Running lexicraft.py...
Performing Data Collection from time 2024-12-21 06:05:50.395568...
Links crawl to datetime  2024-12-21 15:44:17.488109
Links Crawling Starts...
Article teaser found on page 0.
Current no. of link: 20
Article teaser found on page 1.
Current no. of link: 33
Data sent to topic beritaH
Number of articles data sent 33
Performing Data Transformation...
Collecting Data From Kafka...
Is this your first time running the system?
If not please contact support as there is problem in accessing the DE-prj/RawData file in your hadoop file system.
Breaking raw data into list of sentences...
Breaking sentences into words...
Exception has occured. Retrying the process in 45 seconds -  0
Performing Data Collection from time 2024-12-21 06:05:50.395568...
Links crawl to datetime  2024-12-21 15:46:15.686818
Links Crawling Starts...
Article teaser found on page 0.
Current no. of link: 20
Article teaser found on page 1.
Current no. of link: 33
Data sent to topic beritaH
Number of articles data sent 33
Performing Data Transformation...
Collecting Data From Kafka...
Is this your first time running the system?
If not please contact support as there is problem in accessing the DE-prj/RawData file in your hadoop file system.
Breaking raw data into list of sentences...
Breaking sentences into words...
Exception has occured. Retrying the process in 45 seconds -  1
Performing Data Collection from time 2024-12-21 06:05:50.395568...
Links crawl to datetime  2024-12-21 15:48:10.002052
Links Crawling Starts...
Article teaser found on page 0.
Current no. of link: 20
Article teaser found on page 1.
Current no. of link: 33
Data sent to topic beritaH
Number of articles data sent 33
Performing Data Transformation...
Collecting Data From Kafka...
Is this your first time running the system?
If not please contact support as there is problem in accessing the DE-prj/RawData file in your hadoop file system.
Breaking raw data into list of sentences...
Breaking sentences into words...
Exception has occured. Retrying the process in 45 seconds -  2
Performing Data Collection from time 2024-12-21 06:05:50.395568...
Links crawl to datetime  2024-12-21 15:49:58.052587
Links Crawling Starts...
Article teaser found on page 0.
Current no. of link: 20
Article teaser found on page 1.
Current no. of link: 33
Data sent to topic beritaH
Number of articles data sent 33
Performing Data Transformation...
Collecting Data From Kafka...
Is this your first time running the system?
If not please contact support as there is problem in accessing the DE-prj/RawData file in your hadoop file system.
Breaking raw data into list of sentences...
Breaking sentences into words...
Exception has occured. Retrying the process in 45 seconds -  3
Performing Data Collection from time 2024-12-21 06:05:50.395568...
Links crawl to datetime  2024-12-21 15:51:50.937790
Links Crawling Starts...
Article teaser found on page 0.
Current no. of link: 20
Article teaser found on page 1.
Current no. of link: 33
Data sent to topic beritaH
Number of articles data sent 33
Performing Data Transformation...
Collecting Data From Kafka...
Is this your first time running the system?
If not please contact support as there is problem in accessing the DE-prj/RawData file in your hadoop file system.
Breaking raw data into list of sentences...
Breaking sentences into words...
Exception has occured. Retrying the process in 45 seconds -  4
Errors occur even after 5 times of retry
