Running lexicraft.py...
/home/student/de-prj/de-venv/lib/python3.10/site-packages/malaya/tokenizer.py:214: FutureWarning: Possible nested set at position 3397
  self.tok = re.compile(r'({})'.format('|'.join(pipeline)))
/home/student/de-prj/de-venv/lib/python3.10/site-packages/malaya/tokenizer.py:214: FutureWarning: Possible nested set at position 3927
  self.tok = re.compile(r'({})'.format('|'.join(pipeline)))
24/12/21 14:52:00 WARN Utils: Your hostname, Liang. resolves to a loopback address: 127.0.1.1; using 10.255.255.254 instead (on interface lo)
24/12/21 14:52:00 WARN Utils: Set SPARK_LOCAL_IP if you need to bind to another address
24/12/21 14:52:00 WARN NativeCodeLoader: Unable to load native-hadoop library for your platform... using builtin-java classes where applicable
[Stage 0:>                                                        (0 + 12) / 12][Stage 1:>                                                          (0 + 3) / 3]/home/student/de-prj/de-venv/lib/python3.10/site-packages/malaya/tokenizer.py:214: FutureWarning: Possible nested set at position 3397
  self.tok = re.compile(r'({})'.format('|'.join(pipeline)))
/home/student/de-prj/de-venv/lib/python3.10/site-packages/malaya/tokenizer.py:214: FutureWarning: Possible nested set at position 3927
  self.tok = re.compile(r'({})'.format('|'.join(pipeline)))
/home/student/de-prj/de-venv/lib/python3.10/site-packages/malaya/tokenizer.py:214: FutureWarning: Possible nested set at position 3397
  self.tok = re.compile(r'({})'.format('|'.join(pipeline)))
/home/student/de-prj/de-venv/lib/python3.10/site-packages/malaya/tokenizer.py:214: FutureWarning: Possible nested set at position 3927
  self.tok = re.compile(r'({})'.format('|'.join(pipeline)))
/home/student/de-prj/de-venv/lib/python3.10/site-packages/malaya/tokenizer.py:214: FutureWarning: Possible nested set at position 3397
  self.tok = re.compile(r'({})'.format('|'.join(pipeline)))
/home/student/de-prj/de-venv/lib/python3.10/site-packages/malaya/tokenizer.py:214: FutureWarning: Possible nested set at position 3927
  self.tok = re.compile(r'({})'.format('|'.join(pipeline)))
[Stage 1:===================>                                       (1 + 2) / 3]